{
  "RSpec": {
    "coverage": {
      "/home/shivathmaj/Desktop/DictionaryApp/app/helpers/admins_helper.rb": {
        "lines": [
          1,
          null
        ]
      },
      "/home/shivathmaj/Desktop/DictionaryApp/app/helpers/application_helper.rb": {
        "lines": [
          1,
          null
        ]
      },
      "/home/shivathmaj/Desktop/DictionaryApp/app/models/admin.rb": {
        "lines": [
          1,
          null,
          2,
          null,
          1,
          null,
          null,
          1,
          null,
          0,
          null,
          null,
          null,
          1,
          null,
          null,
          null
        ]
      },
      "/home/shivathmaj/Desktop/DictionaryApp/app/models/application_record.rb": {
        "lines": [
          1,
          1,
          null
        ]
      },
      "/home/shivathmaj/Desktop/DictionaryApp/app/controllers/admins_controller.rb": {
        "lines": [
          1,
          1,
          null,
          null,
          1,
          1,
          null,
          null,
          1,
          1,
          1,
          1,
          null,
          null,
          null,
          1,
          null,
          null,
          null,
          1,
          0,
          null,
          null,
          null,
          1,
          null,
          null,
          null,
          1,
          1,
          null,
          1,
          1,
          0,
          0,
          null,
          2,
          1,
          null,
          null,
          null,
          null,
          null,
          1,
          1,
          1,
          0,
          0,
          null,
          0,
          0,
          null,
          null,
          null,
          null,
          null,
          1,
          0,
          null,
          0,
          0,
          0,
          null,
          null,
          null,
          1,
          null,
          1,
          4,
          null,
          null,
          null,
          1,
          2,
          null,
          null
        ]
      },
      "/home/shivathmaj/Desktop/DictionaryApp/app/controllers/application_controller.rb": {
        "lines": [
          1,
          null
        ]
      }
    },
    "timestamp": 1659522674
  }
}
